Traceback (most recent call last):
  File "C:\Users\rimsha\turingenv\lib\site-packages\jupyter_cache\executors\utils.py", line 51, in single_nb_execution
    executenb(
  File "C:\Users\rimsha\turingenv\lib\site-packages\nbclient\client.py", line 1085, in execute
    return NotebookClient(nb=nb, resources=resources, km=km, **kwargs).execute()
  File "C:\Users\rimsha\turingenv\lib\site-packages\nbclient\util.py", line 84, in wrapped
    return just_run(coro(*args, **kwargs))
  File "C:\Users\rimsha\turingenv\lib\site-packages\nbclient\util.py", line 62, in just_run
    return loop.run_until_complete(coro)
  File "C:\Users\rimsha\AppData\Local\Programs\Python\Python310\lib\asyncio\base_events.py", line 641, in run_until_complete
    return future.result()
  File "C:\Users\rimsha\turingenv\lib\site-packages\nbclient\client.py", line 551, in async_execute
    await self.async_execute_cell(
  File "C:\Users\rimsha\turingenv\lib\site-packages\nbclient\client.py", line 846, in async_execute_cell
    self._check_raise_for_error(cell, exec_reply)
  File "C:\Users\rimsha\turingenv\lib\site-packages\nbclient\client.py", line 748, in _check_raise_for_error
    raise CellExecutionError.from_cell_and_msg(cell, exec_reply_content)
nbclient.exceptions.CellExecutionError: An error occurred while executing the following cell:
------------------
    from microbit import *

    while True:
        if display.read_light_level() > 100:
            display.show(Image(
            "90909:"
            "09990:"
            "99999:"
            "09990:"
            "90909"))
        else:
            display.clear()
------------------

[1;31m---------------------------------------------------------------------------[0m
[1;31mModuleNotFoundError[0m                       Traceback (most recent call last)
Input [1;32mIn [2][0m, in [0;36m<module>[1;34m[0m
[1;32m----> 1[0m [38;5;28;01mfrom[39;00m [38;5;21;01mmicrobit[39;00m [38;5;28;01mimport[39;00m [38;5;241m*[39m
[0;32m      3[0m [38;5;28;01mwhile[39;00m [38;5;28;01mTrue[39;00m:
[0;32m      4[0m     [38;5;28;01mif[39;00m display[38;5;241m.[39mread_light_level() [38;5;241m>[39m [38;5;241m100[39m:

[1;31mModuleNotFoundError[0m: No module named 'microbit'
ModuleNotFoundError: No module named 'microbit'

